  Anim.cpp
D:\Users\Timi\Documents\School\EEG 517\OpenGL Projects\AnimPro\Anim.cpp(68,22): warning C4244: '=': conversion from 'double' to 'GLint', possible loss of data
D:\Users\Timi\Documents\School\EEG 517\OpenGL Projects\AnimPro\Anim.cpp(69,21): warning C4244: '=': conversion from 'double' to 'GLint', possible loss of data
D:\Users\Timi\Documents\School\EEG 517\OpenGL Projects\AnimPro\Anim.cpp(70,36): warning C4244: 'argument': conversion from 'GLint' to 'GLfloat', possible loss of data
D:\Users\Timi\Documents\School\EEG 517\OpenGL Projects\AnimPro\Anim.cpp(70,23): warning C4244: 'argument': conversion from 'GLint' to 'GLfloat', possible loss of data
D:\Users\Timi\Documents\School\EEG 517\OpenGL Projects\AnimPro\Anim.cpp(79,35): warning C4244: 'argument': conversion from 'GLint' to 'GLfloat', possible loss of data
D:\Users\Timi\Documents\School\EEG 517\OpenGL Projects\AnimPro\Anim.cpp(79,22): warning C4244: 'argument': conversion from 'GLint' to 'GLfloat', possible loss of data
D:\Users\Timi\Documents\School\EEG 517\OpenGL Projects\AnimPro\Anim.cpp(80,38): warning C4244: 'argument': conversion from 'int' to 'GLfloat', possible loss of data
D:\Users\Timi\Documents\School\EEG 517\OpenGL Projects\AnimPro\Anim.cpp(80,22): warning C4244: 'argument': conversion from 'GLint' to 'GLfloat', possible loss of data
D:\Users\Timi\Documents\School\EEG 517\OpenGL Projects\AnimPro\Anim.cpp(82,35): warning C4244: 'argument': conversion from 'GLint' to 'GLfloat', possible loss of data
D:\Users\Timi\Documents\School\EEG 517\OpenGL Projects\AnimPro\Anim.cpp(82,22): warning C4244: 'argument': conversion from 'GLint' to 'GLfloat', possible loss of data
D:\Users\Timi\Documents\School\EEG 517\OpenGL Projects\AnimPro\Anim.cpp(84,30): warning C4244: '=': conversion from 'double' to 'GLint', possible loss of data
D:\Users\Timi\Documents\School\EEG 517\OpenGL Projects\AnimPro\Anim.cpp(85,30): warning C4244: '=': conversion from 'double' to 'GLint', possible loss of data
D:\Users\Timi\Documents\School\EEG 517\OpenGL Projects\AnimPro\Anim.cpp(86,39): warning C4244: 'argument': conversion from 'GLint' to 'GLfloat', possible loss of data
D:\Users\Timi\Documents\School\EEG 517\OpenGL Projects\AnimPro\Anim.cpp(86,24): warning C4244: 'argument': conversion from 'GLint' to 'GLfloat', possible loss of data
D:\Users\Timi\Documents\School\EEG 517\OpenGL Projects\AnimPro\Anim.cpp(88,39): warning C4244: 'argument': conversion from 'GLint' to 'GLfloat', possible loss of data
D:\Users\Timi\Documents\School\EEG 517\OpenGL Projects\AnimPro\Anim.cpp(88,24): warning C4244: 'argument': conversion from 'GLint' to 'GLfloat', possible loss of data
D:\Users\Timi\Documents\School\EEG 517\OpenGL Projects\AnimPro\Anim.cpp(90,17): warning C4244: 'argument': conversion from 'double' to 'GLfloat', possible loss of data
D:\Users\Timi\Documents\School\EEG 517\OpenGL Projects\AnimPro\Anim.cpp(89,27): warning C4244: 'argument': conversion from 'double' to 'GLfloat', possible loss of data
D:\Users\Timi\Documents\School\EEG 517\OpenGL Projects\AnimPro\Anim.cpp(92,35): warning C4244: 'argument': conversion from 'GLint' to 'GLfloat', possible loss of data
D:\Users\Timi\Documents\School\EEG 517\OpenGL Projects\AnimPro\Anim.cpp(92,22): warning C4244: 'argument': conversion from 'GLint' to 'GLfloat', possible loss of data
D:\Users\Timi\Documents\School\EEG 517\OpenGL Projects\AnimPro\Anim.cpp(93,30): warning C4244: '=': conversion from 'double' to 'GLint', possible loss of data
D:\Users\Timi\Documents\School\EEG 517\OpenGL Projects\AnimPro\Anim.cpp(94,30): warning C4244: '=': conversion from 'double' to 'GLint', possible loss of data
D:\Users\Timi\Documents\School\EEG 517\OpenGL Projects\AnimPro\Anim.cpp(95,39): warning C4244: 'argument': conversion from 'GLint' to 'GLfloat', possible loss of data
D:\Users\Timi\Documents\School\EEG 517\OpenGL Projects\AnimPro\Anim.cpp(95,24): warning C4244: 'argument': conversion from 'GLint' to 'GLfloat', possible loss of data
D:\Users\Timi\Documents\School\EEG 517\OpenGL Projects\AnimPro\Anim.cpp(97,39): warning C4244: 'argument': conversion from 'GLint' to 'GLfloat', possible loss of data
D:\Users\Timi\Documents\School\EEG 517\OpenGL Projects\AnimPro\Anim.cpp(97,24): warning C4244: 'argument': conversion from 'GLint' to 'GLfloat', possible loss of data
D:\Users\Timi\Documents\School\EEG 517\OpenGL Projects\AnimPro\Anim.cpp(99,17): warning C4244: 'argument': conversion from 'double' to 'GLfloat', possible loss of data
D:\Users\Timi\Documents\School\EEG 517\OpenGL Projects\AnimPro\Anim.cpp(98,27): warning C4244: 'argument': conversion from 'double' to 'GLfloat', possible loss of data
D:\Users\Timi\Documents\School\EEG 517\OpenGL Projects\AnimPro\Anim.cpp(105,35): warning C4244: 'argument': conversion from 'GLint' to 'GLfloat', possible loss of data
D:\Users\Timi\Documents\School\EEG 517\OpenGL Projects\AnimPro\Anim.cpp(105,22): warning C4244: 'argument': conversion from 'GLint' to 'GLfloat', possible loss of data
D:\Users\Timi\Documents\School\EEG 517\OpenGL Projects\AnimPro\Anim.cpp(106,30): warning C4244: '=': conversion from 'double' to 'GLint', possible loss of data
D:\Users\Timi\Documents\School\EEG 517\OpenGL Projects\AnimPro\Anim.cpp(107,30): warning C4244: '=': conversion from 'double' to 'GLint', possible loss of data
D:\Users\Timi\Documents\School\EEG 517\OpenGL Projects\AnimPro\Anim.cpp(108,39): warning C4244: 'argument': conversion from 'GLint' to 'GLfloat', possible loss of data
D:\Users\Timi\Documents\School\EEG 517\OpenGL Projects\AnimPro\Anim.cpp(108,24): warning C4244: 'argument': conversion from 'GLint' to 'GLfloat', possible loss of data
D:\Users\Timi\Documents\School\EEG 517\OpenGL Projects\AnimPro\Anim.cpp(110,39): warning C4244: 'argument': conversion from 'GLint' to 'GLfloat', possible loss of data
D:\Users\Timi\Documents\School\EEG 517\OpenGL Projects\AnimPro\Anim.cpp(110,24): warning C4244: 'argument': conversion from 'GLint' to 'GLfloat', possible loss of data
D:\Users\Timi\Documents\School\EEG 517\OpenGL Projects\AnimPro\Anim.cpp(112,17): warning C4244: 'argument': conversion from 'double' to 'GLfloat', possible loss of data
D:\Users\Timi\Documents\School\EEG 517\OpenGL Projects\AnimPro\Anim.cpp(111,27): warning C4244: 'argument': conversion from 'double' to 'GLfloat', possible loss of data
D:\Users\Timi\Documents\School\EEG 517\OpenGL Projects\AnimPro\Anim.cpp(114,35): warning C4244: 'argument': conversion from 'GLint' to 'GLfloat', possible loss of data
D:\Users\Timi\Documents\School\EEG 517\OpenGL Projects\AnimPro\Anim.cpp(114,22): warning C4244: 'argument': conversion from 'GLint' to 'GLfloat', possible loss of data
D:\Users\Timi\Documents\School\EEG 517\OpenGL Projects\AnimPro\Anim.cpp(115,30): warning C4244: '=': conversion from 'double' to 'GLint', possible loss of data
D:\Users\Timi\Documents\School\EEG 517\OpenGL Projects\AnimPro\Anim.cpp(116,30): warning C4244: '=': conversion from 'double' to 'GLint', possible loss of data
D:\Users\Timi\Documents\School\EEG 517\OpenGL Projects\AnimPro\Anim.cpp(117,39): warning C4244: 'argument': conversion from 'GLint' to 'GLfloat', possible loss of data
D:\Users\Timi\Documents\School\EEG 517\OpenGL Projects\AnimPro\Anim.cpp(117,24): warning C4244: 'argument': conversion from 'GLint' to 'GLfloat', possible loss of data
D:\Users\Timi\Documents\School\EEG 517\OpenGL Projects\AnimPro\Anim.cpp(119,39): warning C4244: 'argument': conversion from 'GLint' to 'GLfloat', possible loss of data
D:\Users\Timi\Documents\School\EEG 517\OpenGL Projects\AnimPro\Anim.cpp(119,24): warning C4244: 'argument': conversion from 'GLint' to 'GLfloat', possible loss of data
D:\Users\Timi\Documents\School\EEG 517\OpenGL Projects\AnimPro\Anim.cpp(121,17): warning C4244: 'argument': conversion from 'double' to 'GLfloat', possible loss of data
D:\Users\Timi\Documents\School\EEG 517\OpenGL Projects\AnimPro\Anim.cpp(120,27): warning C4244: 'argument': conversion from 'double' to 'GLfloat', possible loss of data
D:\Users\Timi\Documents\School\EEG 517\OpenGL Projects\AnimPro\Anim.cpp(214,1): warning C4326: return type of 'main' should be 'int' instead of 'void'
  Generating code
  2 of 18 functions (11.1%) were compiled, the rest were copied from previous compilation.
    0 functions were new in current compilation
    1 functions had inline decision re-evaluated but remain unchanged
  Finished generating code
  AnimPro.vcxproj -> D:\Users\Timi\Documents\School\EEG 517\OpenGL Projects\AnimPro\Release\AnimPro.exe
